[INFO  - 2017-08-16T08:59:34.046Z] GhostDriver - Main - running on port 57707
[INFO  - 2017-08-16T08:59:36.813Z] Session [3acc5e00-8261-11e7-a952-c5e5de185f8d] - page.settings - {"XSSAuditingEnabled":false,"javascriptCanCloseWindows":true,"javascriptCanOpenWindows":true,"javascriptEnabled":true,"loadImages":true,"localToRemoteUrlAccessEnabled":false,"userAgent":"Mozilla/5.0 (Windows NT 6.2; WOW64) AppleWebKit/538.1 (KHTML, like Gecko) PhantomJS/2.1.1 Safari/538.1","webSecurityEnabled":true}
[INFO  - 2017-08-16T08:59:36.813Z] Session [3acc5e00-8261-11e7-a952-c5e5de185f8d] - page.customHeaders:  - {}
[INFO  - 2017-08-16T08:59:36.813Z] Session [3acc5e00-8261-11e7-a952-c5e5de185f8d] - Session.negotiatedCapabilities - {"browserName":"phantomjs","version":"2.1.1","driverName":"ghostdriver","driverVersion":"1.2.0","platform":"windows-10-32bit","javascriptEnabled":true,"takesScreenshot":true,"handlesAlerts":false,"databaseEnabled":false,"locationContextEnabled":false,"applicationCacheEnabled":false,"browserConnectionEnabled":false,"cssSelectorsEnabled":true,"webStorageEnabled":false,"rotatable":false,"acceptSslCerts":false,"nativeEvents":true,"proxy":{"proxyType":"direct"}}
[INFO  - 2017-08-16T08:59:36.813Z] SessionManagerReqHand - _postNewSessionCommand - New Session Created: 3acc5e00-8261-11e7-a952-c5e5de185f8d
[INFO  - 2017-08-16T08:59:39.176Z] Session [3acc5e00-8261-11e7-a952-c5e5de185f8d] - page.settings - {"XSSAuditingEnabled":false,"javascriptCanCloseWindows":true,"javascriptCanOpenWindows":true,"javascriptEnabled":true,"loadImages":true,"localToRemoteUrlAccessEnabled":false,"userAgent":"Mozilla/5.0 (Windows NT 6.2; WOW64) AppleWebKit/538.1 (KHTML, like Gecko) PhantomJS/2.1.1 Safari/538.1","webSecurityEnabled":true}
[INFO  - 2017-08-16T08:59:39.177Z] Session [3acc5e00-8261-11e7-a952-c5e5de185f8d] - page.customHeaders:  - {}
[INFO  - 2017-08-16T08:59:48.235Z] Session [3acc5e00-8261-11e7-a952-c5e5de185f8d] - page.settings - {"XSSAuditingEnabled":false,"javascriptCanCloseWindows":true,"javascriptCanOpenWindows":true,"javascriptEnabled":true,"loadImages":true,"localToRemoteUrlAccessEnabled":false,"userAgent":"Mozilla/5.0 (Windows NT 6.2; WOW64) AppleWebKit/538.1 (KHTML, like Gecko) PhantomJS/2.1.1 Safari/538.1","webSecurityEnabled":true}
[INFO  - 2017-08-16T08:59:48.235Z] Session [3acc5e00-8261-11e7-a952-c5e5de185f8d] - page.customHeaders:  - {}
[INFO  - 2017-08-16T08:59:55.283Z] Session [3acc5e00-8261-11e7-a952-c5e5de185f8d] - page.settings - {"XSSAuditingEnabled":false,"javascriptCanCloseWindows":true,"javascriptCanOpenWindows":true,"javascriptEnabled":true,"loadImages":true,"localToRemoteUrlAccessEnabled":false,"userAgent":"Mozilla/5.0 (Windows NT 6.2; WOW64) AppleWebKit/538.1 (KHTML, like Gecko) PhantomJS/2.1.1 Safari/538.1","webSecurityEnabled":true}
[INFO  - 2017-08-16T08:59:55.283Z] Session [3acc5e00-8261-11e7-a952-c5e5de185f8d] - page.customHeaders:  - {}
[INFO  - 2017-08-16T09:00:15.158Z] Session [3acc5e00-8261-11e7-a952-c5e5de185f8d] - page.settings - {"XSSAuditingEnabled":false,"javascriptCanCloseWindows":true,"javascriptCanOpenWindows":true,"javascriptEnabled":true,"loadImages":true,"localToRemoteUrlAccessEnabled":false,"userAgent":"Mozilla/5.0 (Windows NT 6.2; WOW64) AppleWebKit/538.1 (KHTML, like Gecko) PhantomJS/2.1.1 Safari/538.1","webSecurityEnabled":true}
[INFO  - 2017-08-16T09:00:15.158Z] Session [3acc5e00-8261-11e7-a952-c5e5de185f8d] - page.customHeaders:  - {}
[INFO  - 2017-08-16T09:00:30.369Z] Session [3acc5e00-8261-11e7-a952-c5e5de185f8d] - page.settings - {"XSSAuditingEnabled":false,"javascriptCanCloseWindows":true,"javascriptCanOpenWindows":true,"javascriptEnabled":true,"loadImages":true,"localToRemoteUrlAccessEnabled":false,"userAgent":"Mozilla/5.0 (Windows NT 6.2; WOW64) AppleWebKit/538.1 (KHTML, like Gecko) PhantomJS/2.1.1 Safari/538.1","webSecurityEnabled":true}
[INFO  - 2017-08-16T09:00:30.370Z] Session [3acc5e00-8261-11e7-a952-c5e5de185f8d] - page.customHeaders:  - {}
[INFO  - 2017-08-16T09:00:44.971Z] Session [3acc5e00-8261-11e7-a952-c5e5de185f8d] - page.settings - {"XSSAuditingEnabled":false,"javascriptCanCloseWindows":true,"javascriptCanOpenWindows":true,"javascriptEnabled":true,"loadImages":true,"localToRemoteUrlAccessEnabled":false,"userAgent":"Mozilla/5.0 (Windows NT 6.2; WOW64) AppleWebKit/538.1 (KHTML, like Gecko) PhantomJS/2.1.1 Safari/538.1","webSecurityEnabled":true}
[INFO  - 2017-08-16T09:00:44.971Z] Session [3acc5e00-8261-11e7-a952-c5e5de185f8d] - page.customHeaders:  - {}
[INFO  - 2017-08-16T09:00:59.042Z] Session [3acc5e00-8261-11e7-a952-c5e5de185f8d] - page.settings - {"XSSAuditingEnabled":false,"javascriptCanCloseWindows":true,"javascriptCanOpenWindows":true,"javascriptEnabled":true,"loadImages":true,"localToRemoteUrlAccessEnabled":false,"userAgent":"Mozilla/5.0 (Windows NT 6.2; WOW64) AppleWebKit/538.1 (KHTML, like Gecko) PhantomJS/2.1.1 Safari/538.1","webSecurityEnabled":true}
[INFO  - 2017-08-16T09:00:59.042Z] Session [3acc5e00-8261-11e7-a952-c5e5de185f8d] - page.customHeaders:  - {}
[INFO  - 2017-08-16T09:01:09.591Z] Session [3acc5e00-8261-11e7-a952-c5e5de185f8d] - page.settings - {"XSSAuditingEnabled":false,"javascriptCanCloseWindows":true,"javascriptCanOpenWindows":true,"javascriptEnabled":true,"loadImages":true,"localToRemoteUrlAccessEnabled":false,"userAgent":"Mozilla/5.0 (Windows NT 6.2; WOW64) AppleWebKit/538.1 (KHTML, like Gecko) PhantomJS/2.1.1 Safari/538.1","webSecurityEnabled":true}
[INFO  - 2017-08-16T09:01:09.591Z] Session [3acc5e00-8261-11e7-a952-c5e5de185f8d] - page.customHeaders:  - {}
[INFO  - 2017-08-16T09:01:25.813Z] Session [3acc5e00-8261-11e7-a952-c5e5de185f8d] - page.settings - {"XSSAuditingEnabled":false,"javascriptCanCloseWindows":true,"javascriptCanOpenWindows":true,"javascriptEnabled":true,"loadImages":true,"localToRemoteUrlAccessEnabled":false,"userAgent":"Mozilla/5.0 (Windows NT 6.2; WOW64) AppleWebKit/538.1 (KHTML, like Gecko) PhantomJS/2.1.1 Safari/538.1","webSecurityEnabled":true}
[INFO  - 2017-08-16T09:01:25.813Z] Session [3acc5e00-8261-11e7-a952-c5e5de185f8d] - page.customHeaders:  - {}
[INFO  - 2017-08-16T09:01:33.149Z] Session [3acc5e00-8261-11e7-a952-c5e5de185f8d] - page.settings - {"XSSAuditingEnabled":false,"javascriptCanCloseWindows":true,"javascriptCanOpenWindows":true,"javascriptEnabled":true,"loadImages":true,"localToRemoteUrlAccessEnabled":false,"userAgent":"Mozilla/5.0 (Windows NT 6.2; WOW64) AppleWebKit/538.1 (KHTML, like Gecko) PhantomJS/2.1.1 Safari/538.1","webSecurityEnabled":true}
[INFO  - 2017-08-16T09:01:33.149Z] Session [3acc5e00-8261-11e7-a952-c5e5de185f8d] - page.customHeaders:  - {}
[INFO  - 2017-08-16T09:01:47.897Z] Session [3acc5e00-8261-11e7-a952-c5e5de185f8d] - page.settings - {"XSSAuditingEnabled":false,"javascriptCanCloseWindows":true,"javascriptCanOpenWindows":true,"javascriptEnabled":true,"loadImages":true,"localToRemoteUrlAccessEnabled":false,"userAgent":"Mozilla/5.0 (Windows NT 6.2; WOW64) AppleWebKit/538.1 (KHTML, like Gecko) PhantomJS/2.1.1 Safari/538.1","webSecurityEnabled":true}
[INFO  - 2017-08-16T09:01:47.898Z] Session [3acc5e00-8261-11e7-a952-c5e5de185f8d] - page.customHeaders:  - {}
[INFO  - 2017-08-16T09:02:01.201Z] Session [3acc5e00-8261-11e7-a952-c5e5de185f8d] - page.settings - {"XSSAuditingEnabled":false,"javascriptCanCloseWindows":true,"javascriptCanOpenWindows":true,"javascriptEnabled":true,"loadImages":true,"localToRemoteUrlAccessEnabled":false,"userAgent":"Mozilla/5.0 (Windows NT 6.2; WOW64) AppleWebKit/538.1 (KHTML, like Gecko) PhantomJS/2.1.1 Safari/538.1","webSecurityEnabled":true}
[INFO  - 2017-08-16T09:02:01.201Z] Session [3acc5e00-8261-11e7-a952-c5e5de185f8d] - page.customHeaders:  - {}
[INFO  - 2017-08-16T09:02:15.719Z] Session [3acc5e00-8261-11e7-a952-c5e5de185f8d] - page.settings - {"XSSAuditingEnabled":false,"javascriptCanCloseWindows":true,"javascriptCanOpenWindows":true,"javascriptEnabled":true,"loadImages":true,"localToRemoteUrlAccessEnabled":false,"userAgent":"Mozilla/5.0 (Windows NT 6.2; WOW64) AppleWebKit/538.1 (KHTML, like Gecko) PhantomJS/2.1.1 Safari/538.1","webSecurityEnabled":true}
[INFO  - 2017-08-16T09:02:15.719Z] Session [3acc5e00-8261-11e7-a952-c5e5de185f8d] - page.customHeaders:  - {}
[INFO  - 2017-08-16T09:02:27.988Z] Session [3acc5e00-8261-11e7-a952-c5e5de185f8d] - page.settings - {"XSSAuditingEnabled":false,"javascriptCanCloseWindows":true,"javascriptCanOpenWindows":true,"javascriptEnabled":true,"loadImages":true,"localToRemoteUrlAccessEnabled":false,"userAgent":"Mozilla/5.0 (Windows NT 6.2; WOW64) AppleWebKit/538.1 (KHTML, like Gecko) PhantomJS/2.1.1 Safari/538.1","webSecurityEnabled":true}
[INFO  - 2017-08-16T09:02:27.988Z] Session [3acc5e00-8261-11e7-a952-c5e5de185f8d] - page.customHeaders: [INFO  - 2017-08-16T09:05:35.526Z] SessionManagerReqHand - _cleanupWindowlessSessions - Asynchronous Sessions clean-up phase starting NOW
[INFO  - 2017-08-16T09:10:35.526Z] SessionManagerReqHand - _cleanupWindowlessSessions - Asynchronous Sessions clean-up phase starting NOW
[INFO  - 2017-08-16T09:15:35.526Z] SessionManagerReqHand - _cleanupWindowlessSessions - Asynchronous Sessions clean-up phase starting NOW
[INFO  - 2017-08-16T09:20:35.526Z] SessionManagerReqHand - _cleanupWindowlessSessions - Asynchronous Sessions clean-up phase starting NOW
[INFO  - 2017-08-16T09:25:35.538Z] SessionManagerReqHand - _cleanupWindowlessSessions - Asynchronous Sessions clean-up phase starting NOW
[INFO  - 2017-08-16T09:30:35.538Z] SessionManagerReqHand - _cleanupWindowlessSessions - Asynchronous Sessions clean-up phase starting NOW
[INFO  - 2017-08-16T09:25:46.677Z] SessionManagerReqHand - _cleanupWindowlessSessions - Asynchronous Sessions clean-up phase starting NOW
[INFO  - 2017-08-16T09:30:46.676Z] SessionManagerReqHand - _cleanupWindowlessSessions - Asynchronous Sessions clean-up phase starting NOW
acc5e00-8261-11e7-a952-c5e5de185f8d] - page.settings - {"XSSAuditingEnabled":false,"javascriptCanCloseWindows":true,"javascriptCanOpenWindows":true,"javascriptEnabled":true,"loadImages":true,"localToRemoteUrlAccessEnabled":false,"userAgent":"Mozilla/5.0 (Windows NT 6.2; WOW64) AppleWebKit/538.1 (KHTML, like Gecko) PhantomJS/2.1.1 Safari/538.1","webSecurityEnabled":true}
[INFO  - 2017-08-16T09:03:17.532Z] Session [3acc5e00-8261-11e7-a952-c5e5de185f8d] - page.customHeaders:  - {}
[INFO  - 2017-08-16T09:03:31.895Z] Session [3acc5e00-8261-11e7-a952-c5e5de185f8d] - page.settings - {"XSSAuditingEnabled":false,"javascriptCanCloseWindows":true,"javascriptCanOpenWindows":true,"javascriptEnabled":true,"loadImages":true,"localToRemoteUrlAccessEnabled":false,"userAgent":"Mozilla/5.0 (Windows NT 6.2; WOW64) AppleWebKit/538.1 (KHTML, like Gecko) PhantomJS/2.1.1 Safari/538.1","webSecurityEnabled":true}
[INFO  - 2017-08-16T09:03:31.896Z] Session [3acc5e00-8261-11e7-a952-c5e5de185f8d] - page.customHeaders:  - {}
[INFO  - 2017-08-16T09:04:29.749Z] Session [3acc5e00-8261-11e7-a952-c5e5de185f8d] - page.settings - {"XSSAuditingEnabled":false,"javascriptCanCloseWindows":true,"javascriptCanOpenWindows":true,"javascriptEnabled":true,"loadImages":true,"localToRemoteUrlAccessEnabled":false,"userAgent":"Mozilla/5.0 (Windows NT 6.2; WOW64) AppleWebKit/538.1 (KHTML, like Gecko) PhantomJS/2.1[[INFO  - 2017-08-16T09:07:40.599Z] SessionManagerReqHand - _cleanupWindowlessSessions - Asynchronous Sessions clean-up phase starting NOW[[INFO  - 2017-08-16T09:12:40.605Z] SessionManagerReqHand - _cleanupWindowlessSessions - Asynchronous Sessions clean-up phase starting NOW[[INFO  - 2017-08-16T09:17:40.606Z] SessionManagerReqHand - _cleanupWindowlessSessions - Asynchronous Sessions clean-up phase starting NOW[[INFO  - 2017-08-16T09:22:40.607Z] SessionManagerReqHand - _cleanupWindowlessSessions - Asynchronous Sessions clean-up phase starting NOW[[INFO  - 2017-08-16T09:27:40.607Z] SessionManagerReqHand - _cleanupWindowlessSessions - Asynchronous Sessions clean-up phase starting NOW[INFO  - 2017-08-16T09:29:39.434Z] SessionManagerReqHand - _cleanupWindowlessSessions - Asynchronous Sessions clean-up phase starting NOW
2017-08-16T09:05:22.018Z] Session [3acc5e00-8261-11e7-a952-c5e5de185f8d] - page.settings - {"XSSAuditingEnabled":false,"javascriptCanCloseWindows":true,"javascriptCanOpenWindows":true,"javascriptEnabled":true,"loadImages":true,"localToRemoteUrlAccessEnabled":false,"userAgent":"Mozilla/5.0 (Windows NT 6.2; WOW64) AppleWebKit/538.1 (KHTML, like Gecko) PhantomJS/2.1.1 Safari/538.1","webSecurityEnabled":true}
[INFO  - 2017-08-16T09:05:22.019Z] Session [3acc5e00-8261-11e7-a952-c5e5de185f8d] - page.customHeaders:  - {}
[INFO  - 2017-08-16T09:05:28.972Z] Session [3acc5e00-8261-11e7-a952-c5e5de185f8d] - page.settings - {"XSSAuditingEnabled":false,"javascriptCanCloseWindows":true,"javascriptCanOpenWindows":true,"javascriptEnabled":true,"loadImages":true,"localToRemoteUrlAccessEnabled":false,"userAgent":"Mozilla/5.0 (Windows NT 6.2; WOW64) AppleWebKit/538.1 (KHTML, like Gecko) PhantomJS/2.1.1 Safari/538.1","webSecurityEnabled":true}
[INFO  - 2017-08-16T09:05:28.972Z] Session [3acc5e00-8261-11e7-a952-c5e5de185f8d] - page.customHeaders:  - {}
[INFO  - 2017-08-16T09:05:37.814Z] Session [3acc5e00-8261-11e7-a952-c5e5de185f8d] - page.settings - {"XSSAuditingEnabled":false,"javascriptCanCloseWindows":true,"javascriptCanOpenWindows":true,"javascriptEnabled":true,"loadImages":true,"localToRemoteUrlAccessEnabled":false,"userAgent":"Mozilla/5.0 (Windows NT 6.2; WOW64) AppleWebKit/538.1 (KHTML, like Gecko) PhantomJS/2.1.1 Safari/538.1","webSecurityEnabled":true}
[INFO  - 2017-08-16T09:05:37.814Z] Session [3acc5e00-8261-11e7-a952-c5e5de185f8d] - page.customHeaders:  - {}
[INFO  - 2017-08-16T09:05:58.260Z] Session [3acc5e00-8261-11e7-a952-c5e5de185f8d] - page.settings - {"XSSAuditingEnabled":false,"javascriptCanCloseWindows":true,"javascriptCanOpenWindows":true,"javascriptEnabled":true,"loadImages":true,"localToRemoteUrlAccessEnabled":false,"userAgent":"Mozilla/5.0 (Windows NT 6.2; WOW64) AppleWebKit/538.1 (KHTML, like Gecko) PhantomJS/2.1.1 Safari/538.1","webSecurityEnabled":true}
[INFO  - 2017-08-16T09:05:58.260Z] Session [3acc5e00-8261-11e7-a952-c5e5de185f8d] - page.customHeaders:  - {}
[INFO  - 2017-08-16T09:06:10.655Z] Session [3acc5e00-8261-11e7-a952-c5e5de185f8d] - page.settings - {"XSSAuditingEnabled":false,"javascriptCanCloseWindows":true,"javascriptCanOpenWindows":true,"javascriptEnabled":true,"loadImages":true,"localToRemoteUrlAccessEnabled":false,"userAgent":"Mozilla/5.0 (Windows NT 6.2; WOW64) AppleWebKit/538.1 (KHTML, like Gecko) PhantomJS/2.1.1 Safari/538.1","webSecurityEnabled":true}
[INFO  - 2017-08-16T09:06:10.655Z] Session [3acc5e00-8261-11e7-a952-c5e5de185f8d] - page.customHeaders:  - {}
[INFO  - 2017-08-16T09:06:27.442Z] Session [3acc5e00-8261-11e7-a952-c5e5de185f8d] - page.settings - {"XSSAuditingEnabled":false,"javascriptCanCloseWindows":true,"javascriptCanOpenWindows":true,"javascriptEnabled":true,"loadImages":true,"localToRemoteUrlAccessEnabled":false,"userAgent":"Mozilla/5.0 (Windows NT 6.2; WOW64) AppleWebKit/538.1 (KHTML, like Gecko) PhantomJS/2.1.1 Safari/538.1","webSecurityEnabled":true}
[INFO  - 2017-08-16T09:06:27.443Z] Session [3acc5e00-8261-11e7-a952-c5e5de185f8d] - page.customHeaders:  - {}
[INFO  - 2017-08-16T09:06:39.481Z] Session [3acc5e00-8261-11e7-a952-c5e5de185f8d] - page.settings - {"XSSAuditingEnabled":false,"javascriptCanCloseWindows":true,"javascriptCanOpenWindows":true,"javascriptEnabled":true,"loadImages":true,"localToRemoteUrlAccessEnabled":false,"userAgent":"Mozilla/5.0 (Windows NT 6.2; WOW64) AppleWebKit/538.1 (KHTML, like Gecko) PhantomJS/2.1.1 Safari/538.1","webSecurityEnabled":true}
[INFO  - 2017-08-16T09:06:39.481Z] Session [3acc5e00-8261-11e7-a952-c5e5de185f8d] - page.customHeaders:  - {}
[INFO  - 2017-08-16T09:06:53.882Z] Session [3acc5e00-8261-11e7-a952-c5e5de185f8d] - page.settings - {"XSSAuditingEnabled":false,"javascriptCanCloseWindows":true,"javascriptCanOpenWindows":true,"javascriptEnabled":true,"loadImages":true,"localToRemoteUrlAccessEnabled":false,"userAgent":"Mozilla/5.0 (Windows NT 6.2; WOW64) AppleWebKit/538.1 (KHTML, like Gecko) PhantomJS/2.1.1 Safari/538.1","webSecurityEnabled":true}
[INFO  - 2017-08-16T09:06:53.882Z] Session [3acc5e00-8261-11e7-a952-c5e5de185f8d] - page.customHeaders:  - {}
[INFO  - 2017-08-16T09:07:06.619Z] Session [3acc5e00-8261-11e7-a952-c5e5de185f8d] - page.settings - {"XSSAuditingEnabled":false,"javascriptCanCloseWindows":true,"javascriptCanOpenWindows":true,"javascriptEnabled":true,"loadImages":true,"localToRemoteUrlAccessEnabled":false,"userAgent":"Mozilla/5.0 (Windows NT 6.2; WOW64) AppleWebKit/538.1 (KHTML, like Gecko) PhantomJS/2.1.1 Safari/538.1","webSecurityEnabled":true}
[INFO  - 2017-08-16T09:07:06.619Z] Session [3acc5e00-8261-11e7-a952-c5e5de185f8d] - page.customHeaders:  - {}
[INFO  - 2017-08-16T09:07:15.842Z] Session [3acc5e00-8261-11e7-a952-c5e5de185f8d] - page.settings - {"XSSAuditingEnabled":false,"javascriptCanCloseWindows":true,"javascriptCanOpenWindows":true,"javascriptEnabled":true,"loadImages":true,"localToRemoteUrlAccessEnabled":false,"userAgent":"Mozilla/5.0 (Windows NT 6.2; WOW64) AppleWebKit/538.1 (KHTML, like Gecko) PhantomJS/2.1.1 Safari/538.1","webSecurityEnabled":true}
[INFO  - 2017-08-16T09:07:15.842Z] Session [3acc5e00-8261-11e7-a952-c5e5de185f8d] - page.customHeaders:  - {}
[INFO  - 2017-08-16T09:07:23.465Z] Session [3acc5e00-8261-11e7-a952-c5e5de185f8d] - page.settings - {"XSSAuditingEnabled":false,"javascriptCanCloseWindows":true,"javascriptCanOpenWindows":true,"javascriptEnabled":true,"loadImages":true,"localToRemoteUrlAccessEnabled":false,"userAgent":"Mozilla/5.0 (Windows NT 6.2; WOW64) AppleWebKit/538.1 (KHTML, like Gecko) PhantomJS/2.1.1 Safari/538.1","webSecurityEnabled":true}
[INFO  - 2017-08-16T09:07:23.465Z] Session [3acc5e00-8261-11e7-a952-c5e5de185f8d] - page.customHeaders:  - {}
[INFO  - 2017-08-16T09:07:39.472Z] Session [3acc5e00-8261-11e7-a952-c5e5de185f8d] - page.settings - {"XSSAuditingEnabled":false,"javascriptCanCloseWindows":true,"javascriptCanOpenWindows":true,"javascriptEnabled":true,"loadImages":true,"localToRemoteUrlAccessEnabled":false,"userAgent":"Mozilla/5.0 (Windows NT 6.2; WOW64) AppleWebKit/538.1 (KHTML, like Gecko) PhantomJS/2.1.1 Safari/538.1","webSecurityEnabled":true}
[INFO  - 2017-08-16T09:07:39.472Z] Session [3acc5e00-8261-11e7-a952-c5e5de185f8d] - page.customHeaders:  - {}
[INFO  - 2017-08-16T09:07:46.849Z] Session [3acc5e00-8261-11e7-a952-c5e5de185f8d] - page.settings - {"XSSAuditingEnabled":false,"javascriptCanCloseWindows":true,"javascriptCanOpenWindows":true,"javascriptEnabled":true,"loadImages":true,"localToRemoteUrlAccessEnabled":false,"userAgent":"Mozilla/5.0 (Windows NT 6.2; WOW64) AppleWebKit/538.1 (KHTML, like Gecko) PhantomJS/2.1.1 Safari/538.1","webSecurityEnabled":true}
[INFO  - 2017-08-16T09:07:46.849Z] Session [3acc5e00-8261-11e7-a952-c5e5de185f8d] - page.customHeaders:  - {}
[INFO  - 2017-08-16T09:07:53.465Z] Session [3acc5e00-8261-11e7-a952-c5e5de185f8d] - page.settings - {"XSSAuditingEnabled":false,"javascriptCanCloseWindows":true,"javascriptCanOpenWindows":true,"javascriptEnabled":true,"loadImages":true,"localToRemoteUrlAccessEnabled":false,"userAgent":"Mozilla/5.0 (Windows NT 6.2; WOW64) AppleWebKit/538.1 (KHTML, like Gecko) PhantomJS/2.1.1 Safari/538.1","webSecurityEnabled":true}
[INFO  - 2017-08-16T09:07:53.465Z] Session [3acc5e00-8261-11e7-a952-c5e5de185f8d] - page.customHeaders:  - {}
[INFO  - 2017-08-16T09:09:34.069Z] SessionManagerReqHand - _cleanupWindowlessSessions - Asynchronous Sessions clean-up phase starting NOW
[INFO  - 2017-08-16T09:09:34.070Z] SessionManagerReqHand - _cleanupWindowlessSessions - Deleted Session '3acc5e00-8261-11e7-a952-c5e5de185f8d', because windowless
